Value of objective function: 2331389.82433
COL00100             937.3443296
COL00101             0
COL00102             312.22576
COL00103             312.22576
COL00104             0
COL00105             312.22576
COL00106             312.22576
COL00107             3533.33
COL00108             2566.67
COL00109             0
COL00110             800
COL00111             3544.1530864
COL00112             0
COL00113             0
COL00114             0
COL00115             312.22576
COL00116             312.22576
COL00117             710.992864
COL00118             171.66450032
COL00119             710.992864
COL00120             550.8864416
COL00121             0
COL00122             355.496432
COL00123             355.496432
COL00124             0
COL00125             355.496432
COL00126             355.496432
COL00127             3533.33
COL00128             2566.67
COL00129             0
COL00130             800
COL00131             4569.27023648
COL00132             0
COL00133             0
COL00134             355.496432
COL00135             0
COL00136             355.496432
COL00137             809.9207648
COL00138             0
COL00139             0
COL00140             0
COL00050             835.191747467
COL00051             1133.7998
COL00052             0
COL00053             0
COL00054             0
COL00055             210.32
COL00056             210.32
COL00057             482.048
COL00058             112.85011984
COL00059             2365.245984
COL00060             1200
COL00061             0
COL00062             241.024
COL00063             241.024
COL00064             0
COL00065             241.024
COL00066             241.024
COL00067             3439.3626304
COL00068             2566.67
COL00069             0
COL00070             893.9673696
COL00071             1856.89036
COL00072             0
COL00073             0
COL00074             0
COL00075             241.024
COL00076             241.024
COL00077             547.7536
COL00078             206.56040592
COL00079             1883.197984
COL00080             1178.0761696
COL00081             0
COL00082             273.8768
COL00083             273.8768
COL00084             0
COL00085             273.8768
COL00086             273.8768
COL00087             3533.33
COL00088             2566.67
COL00089             0
COL00090             800
COL00091             2636.724152
COL00092             0
COL00093             0
COL00094             0
COL00095             273.8768
COL00096             273.8768
COL00097             624.45152
COL00098             236.08123792
COL00099             1335.444384
COL00001             0
COL00002             158
COL00003             158
COL00004             0
COL00005             158
COL00006             158
COL00007             0
COL00008             2504.37333333
COL00009             1430
COL00010             1365.62666667
COL00011             0
COL00012             0
COL00013             1600
COL00014             0
COL00015             158
COL00016             158
COL00017             375.2
COL00018             14.7
COL00019             2400
COL00020             915.226666667
COL00021             0
COL00022             187.6
COL00023             187.6
COL00024             0
COL00025             187.6
COL00026             187.6
COL00027             2210.88
COL00028             2566.67
COL00029             312.666666667
COL00030             961.677585867
COL00031             586.459
COL00032             0
COL00033             848.105747467
COL00034             0
COL00035             187.6
COL00036             187.6
COL00037             420.64
COL00038             0
COL00039             2400
COL00040             1164.02425253
COL00041             0
COL00042             210.32
COL00043             210.32
COL00044             0
COL00045             210.32
COL00046             210.32
COL00047             3176.5665992
COL00048             2566.67
COL00049             321.571653333

Dual values:
r_1                  3260.62747372
r_2                  116.336
r_3                  -3321.17914039
r_4                  -176.887666667
r_5                  -6.16666666667
r_6                  -0.47
r_7                  0
r_8                  -3374.02747372
r_9                  -229.736
r_10                 -40.6
r_11                 -5.225
r_12                 -6.37
r_13                 2545.50330592
r_14                 95.0065
r_15                 -2609.82330592
r_16                 -159.3265
r_17                 -15
r_18                 0
r_19                 0
r_20                 -2679.08130592
r_21                 -228.5845
r_22                 -3421.29147372
r_23                 -43.6
r_24                 -5.61666666667
r_25                 -6.84
r_26                 0
r_27                 1951.10033583
r_28                 92.06775
r_29                 -2015.65533583
r_30                 -156.62275
r_31                 -15
r_32                 0.47
r_33                 0
r_34                 -2086.14708583
r_35                 -227.1145
r_36                 -2727.49680592
r_37                 -45.95
r_38                 -6.00833333333
r_39                 -7.31
r_40                 0
r_41                 1399.04590833
r_42                 88.72275
r_43                 -1463.90090833
r_44                 -153.57775
r_45                 -15
r_46                 1.07
r_47                 0
r_48                 -1535.96765833
r_49                 -225.6445
r_50                 -2136.03258583
r_51                 -48.95
r_52                 -6.39833333333
r_53                 -7.91
r_54                 0
r_55                 991.548666667
r_56                 85.62475
r_57                 -1056.63866667
r_58                 -150.71475
r_59                 -15
r_60                 1.67
r_61                 -0.13
r_62                 -1130.09841667
r_63                 -224.1745
r_64                 -1587.32315833
r_65                 -51.95
r_66                 -6.78833333333
r_67                 -8.38
r_68                 0
r_69                 467.52675
r_70                 82.52675
r_71                 -532.85175
r_72                 -147.85175
r_73                 -15
r_74                 2.27
r_75                 -0.26
r_76                 -607.7045
r_77                 -222.7045
r_78                 -1182.92391667
r_79                 -54.95
r_80                 -7.17833333333
r_81                 -8.85
r_82                 0
r_83                 358.19425
r_84                 116.49425
r_85                 -423.75425
r_86                 -182.05425
r_87                 -15
r_88                 2.87
r_89                 -0.39
r_90                 -500
r_91                 -258.3
r_92                 -662
r_93                 -57.95
r_94                 -7.56833333333
r_95                 -9.32
r_96                 0
